<?xml version="1.0" encoding="UTF-8"?>
<!-- Generated by org.testng.reporters.JUnitReportReporter -->
<testsuite skipped="0" hostname="DESKTOP-R97KMG8" name="FirstPckg.WithGoogle" tests="1" failures="0" timestamp="16 May 2020 11:27:31 GMT" time="9.722" errors="0">
  <testcase name="browserOpening" time="9.722" classname="FirstPckg.WithGoogle"/>
</testsuite> <!-- FirstPckg.WithGoogle -->
